<?xml version="1.0" encoding="UTF-8"?>
<testng-results skipped="0" failed="0" ignored="2" total="3" passed="1">
  <reporter-output>
  </reporter-output>
  <suite name="Default suite" duration-ms="171" started-at="2019-11-18T19:29:52 IST" finished-at="2019-11-18T19:29:52 IST">
    <groups>
    </groups>
    <test name="Default test" duration-ms="171" started-at="2019-11-18T19:29:52 IST" finished-at="2019-11-18T19:29:52 IST">
      <class name="abc.com.selenium.Demo3">
        <test-method status="PASS" signature="test1()[pri:0, instance:abc.com.selenium.Demo3@21213b92]" name="test1" duration-ms="31" started-at="2019-11-18T19:29:52 IST" finished-at="2019-11-18T19:29:52 IST">
          <reporter-output>
          </reporter-output>
        </test-method> <!-- test1 -->
      </class> <!-- abc.com.selenium.Demo3 -->
    </test> <!-- Default test -->
  </suite> <!-- Default suite -->
</testng-results>
