<?xml version="1.0" encoding="UTF-8"?>
<!-- Generated by org.testng.reporters.JUnitXMLReporter -->
<testsuite hostname="BABUL3" ignored="2" name="Default test" tests="1" failures="0" timestamp="2019-11-18T19:29:53 IST" time="0.171" errors="0">
  <testcase name="test1" time="0.031" classname="abc.com.selenium.Demo3"/>
  <testcase name="test2" time="0.0" classname="abc.com.selenium.Demo3">
    <ignored/>
  </testcase> <!-- test2 -->
  <testcase name="test3" time="0.0" classname="abc.com.selenium.Demo3">
    <ignored/>
  </testcase> <!-- test3 -->
</testsuite> <!-- Default test -->
